This is pdfTeX, Version 3.141592653-2.6-1.40.25 (TeX Live 2023) (preloaded format=pdflatex 2023.10.13)  13 OCT 2023 11:14
entering extended mode
 restricted \write18 enabled.
 %&-line parsing enabled.
**"Analyse élémentaire - Fonctions d'une varaible réel.tex"
(./Analyse élémentaire - Fonctions d'une varaible réel.tex
LaTeX2e <2022-11-01> patch level 1
L3 programming layer <2023-02-22>
(/usr/local/texlive/2023/texmf-dist/tex/latex/base/article.cls
Document Class: article 2022/07/02 v1.4n Standard LaTeX document class
(/usr/local/texlive/2023/texmf-dist/tex/latex/base/size10.clo
File: size10.clo 2022/07/02 v1.4n Standard LaTeX file (size option)
)
\c@part=\count185
\c@section=\count186
\c@subsection=\count187
\c@subsubsection=\count188
\c@paragraph=\count189
\c@subparagraph=\count190
\c@figure=\count191
\c@table=\count192
\abovecaptionskip=\skip48
\belowcaptionskip=\skip49
\bibindent=\dimen140
)
(/usr/local/texlive/2023/texmf-dist/tex/latex/l3backend/l3backend-pdftex.def
File: l3backend-pdftex.def 2023-01-16 L3 backend support: PDF output (pdfTeX)
\l__color_backend_stack_int=\count193
\l__pdf_internal_box=\box51
)

LaTeX Warning: Unused global option(s):
    [paper,fontsize].

(./Analyse élémentaire - Fonctions d'une varaible réel.aux)
\openout1 = `"Analyse élémentaire - Fonctions d'une varaible réel.aux"'.

LaTeX Font Info:    Checking defaults for OML/cmm/m/it on input line 9.
LaTeX Font Info:    ... okay on input line 9.
LaTeX Font Info:    Checking defaults for OMS/cmsy/m/n on input line 9.
LaTeX Font Info:    ... okay on input line 9.
LaTeX Font Info:    Checking defaults for OT1/cmr/m/n on input line 9.
LaTeX Font Info:    ... okay on input line 9.
LaTeX Font Info:    Checking defaults for T1/cmr/m/n on input line 9.
LaTeX Font Info:    ... okay on input line 9.
LaTeX Font Info:    Checking defaults for TS1/cmr/m/n on input line 9.
LaTeX Font Info:    ... okay on input line 9.
LaTeX Font Info:    Checking defaults for OMX/cmex/m/n on input line 9.
LaTeX Font Info:    ... okay on input line 9.
LaTeX Font Info:    Checking defaults for U/cmr/m/n on input line 9.
LaTeX Font Info:    ... okay on input line 9.
LaTeX Font Info:    External font `cmex10' loaded for size
(Font)              <12> on input line 10.
LaTeX Font Info:    External font `cmex10' loaded for size
(Font)              <8> on input line 10.
LaTeX Font Info:    External font `cmex10' loaded for size
(Font)              <6> on input line 10.
LaTeX Font Info:    External font `cmex10' loaded for size
(Font)              <7> on input line 13.
LaTeX Font Info:    External font `cmex10' loaded for size
(Font)              <5> on input line 13.

! Undefined control sequence.
l.13 ...la donnée d'un domaine $X \subset \mathbb
                                                  {R}$ d'un ensemble donné ...

? 
! Undefined control sequence.
l.13 ...}$ d'un ensemble donné $Y \subset \mathbb
                                                  {R}$ et pour tout $x \in \...

? 
! Undefined control sequence.
l.13 ...et \mathbb{R}$ et pour tout $x \in \mathbb
                                                  {R}$, d'un unique $y\in\ma...

? 
! Undefined control sequence.
l.13 ... \in \mathbb{R}$, d'un unique $y\in\mathbb
                                                  {R}$ appelé l'image de $x...

? 

Underfull \hbox (badness 10000) in paragraph at lines 12--17

 []

! Undefined control sequence.
l.20 	$f[ 1; 3] \mapsto \mathbb
                               {R}$
? 
! Undefined control sequence.
l.26 		3 \leqslant
                   y < 7 \\
? 
! Undefined control sequence.
l.27 		\iff 2 \leqslant
                        y-1 < 6 \\
? 
! Undefined control sequence.
l.28 		\iff 1 \leqslant
                        \frac{y-1}{2} < 3
? 
! Undefined control sequence.
l.46 		Soit $n \in \mathbb
                          {N}$ et soient $a_{0}, ..., a_{n} \in \mathbb{R}$
? 
! Undefined control sequence.
l.46 ...$ et soient $a_{0}, ..., a_{n} \in \mathbb
                                                  {R}$
? 
! Undefined control sequence.
l.47 		La fonction $f: \mathbb
                              {R} \mapsto \mathbb{R}$,
? 
! Undefined control sequence.
l.47 		La fonction $f: \mathbb{R} \mapsto \mathbb
                                                 {R}$,
? 
! Undefined control sequence.
l.52 		$\mid\cdot\mid \mathbb
                             {R}\mapsto\mathbb{R}$
? 
! Undefined control sequence.
l.52 		$\mid\cdot\mid \mathbb{R}\mapsto\mathbb
                                              {R}$
? 
! Extra alignment tab has been changed to \cr.
<recently read> \endtemplate 
                             
l.55 				-x & si &
                   x<0 \\
? 
! Undefined control sequence.
l.60 			Soient $x,y \in\mathbb
                              {R}$, on a :
? 
! Undefined control sequence.
l.61 			$\mid x+y\mid \leqslant
                               \mid x\mid + \mid y\mid$
? 
! Undefined control sequence.
l.62 ...tarrow{X}+\overrightarrow{Y}\mid \leqslant
                                                  \mid \overrightarrow{X}\mi...

? 
! Undefined control sequence.
l.65 			Soient $x, y\in \mathbb
                               {R}$,
? 
! Undefined control sequence.
l.66 			$-\mid x\mid \leqslant
                               x\leqslant\mid x\mid$
? 
! Undefined control sequence.
l.66 			$-\mid x\mid \leqslant x\leqslant
                                         \mid x\mid$
? 
! Undefined control sequence.
l.67 			et $-\mid y\mid \leqslant
                                  y\leqslant\mid y\mid$
? 
! Undefined control sequence.
l.67 			et $-\mid y\mid \leqslant y\leqslant
                                            \mid y\mid$
? 
! Undefined control sequence.
l.68 ...nt : $-(\mid x\mid + \mid y\mid) \leqslant
                                                   x+y\leqslant\mid x\mid+\m...

? 
! Undefined control sequence.
l.68 ...x\mid + \mid y\mid) \leqslant x+y\leqslant
                                                  \mid x\mid+\mid y\mid$
? 
! Undefined control sequence.
l.70 			$-K\leqslant
                     t\leqslant K$
? 
! Undefined control sequence.
l.70 			$-K\leqslant t\leqslant
                                K$
? 
! Undefined control sequence.
l.71 			$\iff \mid t\mid\leqslant
                                  K$
? 
[1

{/usr/local/texlive/2023/texmf-var/fonts/map/pdftex/updmap/pdftex.map}]
! Undefined control sequence.
l.73 			Donc : $\iff\mid x+y\mid \leqslant
                                          \mid x\mid + \mid y\mid$
? 
! Undefined control sequence.
l.76 ...\sqrt\cdot: [0; +\infty[\rightarrow\mathbb
                                                  {R}$
? 
! Undefined control sequence.
l.84 ...e le graph d'une fonction $X\subset\mathbb
                                                  {R}\rightarrow Y\subset\ma...

? 
! Undefined control sequence.
l.84 ...ubset\mathbb{R}\rightarrow Y\subset\mathbb
                                                  {R}$ le sous-ensemble de $...

? 
! Undefined control sequence.
<recently read> \mathbb 
                        
l.84 ...et\mathbb{R}$ le sous-ensemble de $\mathbb
                                                  {R}\times\mathbb{R}$ forme...

? 
! Undefined control sequence.
l.84 ... sous-ensemble de $\mathbb{R}\times\mathbb
                                                  {R}$ forme des couples $\{...

? 
[2] (./Analyse élémentaire - Fonctions d'une varaible réel.aux) ) 
Here is how much of TeX's memory you used:
 455 strings out of 476025
 9078 string characters out of 5790016
 1861388 words of memory out of 5000000
 20981 multiletter control sequences out of 15000+600000
 515322 words of font info for 42 fonts, out of 8000000 for 9000
 1141 hyphenation exceptions out of 8191
 34i,12n,38p,321b,205s stack positions out of 10000i,1000n,20000p,200000b,200000s
</usr/local
/texlive/2023/texmf-dist/fonts/type1/public/amsfonts/cm/cmex10.pfb></usr/local/
texlive/2023/texmf-dist/fonts/type1/public/amsfonts/cm/cmmi10.pfb></usr/local/t
exlive/2023/texmf-dist/fonts/type1/public/amsfonts/cm/cmmi7.pfb></usr/local/tex
live/2023/texmf-dist/fonts/type1/public/amsfonts/cm/cmr10.pfb></usr/local/texli
ve/2023/texmf-dist/fonts/type1/public/amsfonts/cm/cmr12.pfb></usr/local/texlive
/2023/texmf-dist/fonts/type1/public/amsfonts/cm/cmr17.pfb></usr/local/texlive/2
023/texmf-dist/fonts/type1/public/amsfonts/cm/cmr7.pfb></usr/local/texlive/2023
/texmf-dist/fonts/type1/public/amsfonts/cm/cmsy10.pfb></usr/local/texlive/2023/
texmf-dist/fonts/type1/public/amsfonts/cm/cmsy7.pfb>
Output written on "Analyse élémentaire - Fonctions d'une varaible réel.pdf" 
(2 pages, 104913 bytes).
PDF statistics:
 56 PDF objects out of 1000 (max. 8388607)
 33 compressed objects within 1 object stream
 0 named destinations out of 1000 (max. 500000)
 1 words of extra memory for PDF output out of 10000 (max. 10000000)

